  ball.cpp
D:\Docs\Coding_Projects\Foo2y\footy2\player.cpp(15,32): warning C4305: 'initializing': truncation from 'double' to 'float'
D:\Docs\Coding_Projects\Foo2y\footy2\player.cpp(17,29): warning C4305: 'initializing': truncation from 'double' to 'float'
D:\Docs\Coding_Projects\Foo2y\footy2\player.cpp(18,38): warning C4305: 'initializing': truncation from 'double' to 'float'
D:\Docs\Coding_Projects\Foo2y\footy2\player.cpp(20,26): warning C4305: 'initializing': truncation from 'double' to 'float'
D:\Docs\Coding_Projects\Foo2y\footy2\player.cpp(28,102): warning C4244: 'initializing': conversion from 'float' to 'int', possible loss of data
D:\Docs\Coding_Projects\Foo2y\footy2\player.cpp(40,70): warning C4244: 'argument': conversion from 'double' to 'T', possible loss of data
          with
          [
              T=float
          ]
D:\Docs\Coding_Projects\Foo2y\footy2\ball.cpp(22,1): warning C4305: 'initializing': truncation from 'double' to 'const float'
D:\Docs\Coding_Projects\Foo2y\footy2\ball.cpp(20,89): warning C4244: 'initializing': conversion from 'double' to 'const float', possible loss of data
D:\Docs\Coding_Projects\Foo2y\footy2\ball.cpp(32,28): warning C4244: '=': conversion from 'double' to 'int', possible loss of data
D:\Docs\Coding_Projects\Foo2y\footy2\ball.cpp(33,76): warning C4244: 'argument': conversion from 'double' to 'T', possible loss of data
          with
          [
              T=float
          ]
D:\Docs\Coding_Projects\Foo2y\footy2\ball.cpp(34,1): warning C4305: '=': truncation from 'double' to 'float'
  field.cpp
D:\Docs\Coding_Projects\Foo2y\footy2\field.cpp(17,39): warning C4244: 'argument': conversion from 'int' to 'float', possible loss of data
D:\Docs\Coding_Projects\Foo2y\footy2\field.cpp(17,31): warning C4244: 'argument': conversion from 'int' to 'float', possible loss of data
  game.cpp
D:\Docs\Coding_Projects\Foo2y\footy2\player.cpp(15,32): warning C4305: 'initializing': truncation from 'double' to 'float'
D:\Docs\Coding_Projects\Foo2y\footy2\player.cpp(17,29): warning C4305: 'initializing': truncation from 'double' to 'float'
D:\Docs\Coding_Projects\Foo2y\footy2\player.cpp(18,38): warning C4305: 'initializing': truncation from 'double' to 'float'
D:\Docs\Coding_Projects\Foo2y\footy2\player.cpp(20,26): warning C4305: 'initializing': truncation from 'double' to 'float'
D:\Docs\Coding_Projects\Foo2y\footy2\player.cpp(28,102): warning C4244: 'initializing': conversion from 'float' to 'int', possible loss of data
D:\Docs\Coding_Projects\Foo2y\footy2\player.cpp(40,70): warning C4244: 'argument': conversion from 'double' to 'T', possible loss of data
          with
          [
              T=float
          ]
D:\Docs\Coding_Projects\Foo2y\footy2\ball.cpp(22,1): warning C4305: 'initializing': truncation from 'double' to 'const float'
D:\Docs\Coding_Projects\Foo2y\footy2\ball.cpp(20,89): warning C4244: 'initializing': conversion from 'double' to 'const float', possible loss of data
D:\Docs\Coding_Projects\Foo2y\footy2\ball.cpp(32,28): warning C4244: '=': conversion from 'double' to 'int', possible loss of data
D:\Docs\Coding_Projects\Foo2y\footy2\ball.cpp(33,76): warning C4244: 'argument': conversion from 'double' to 'T', possible loss of data
          with
          [
              T=float
          ]
D:\Docs\Coding_Projects\Foo2y\footy2\ball.cpp(34,1): warning C4305: '=': truncation from 'double' to 'float'
D:\Docs\Coding_Projects\Foo2y\footy2\team.cpp(21,36): warning C4244: 'initializing': conversion from 'double' to 'int', possible loss of data
D:\Docs\Coding_Projects\Foo2y\footy2\team.cpp(268,21): warning C4244: 'argument': conversion from 'double' to 'T', possible loss of data
          with
          [
              T=float
          ]
D:\Docs\Coding_Projects\Foo2y\footy2\team.cpp(266,28): warning C4305: 'argument': truncation from 'double' to 'T'
          with
          [
              T=float
          ]
D:\Docs\Coding_Projects\Foo2y\footy2\team.cpp(268,43): warning C4244: 'argument': conversion from 'double' to 'T', possible loss of data
          with
          [
              T=float
          ]
D:\Docs\Coding_Projects\Foo2y\footy2\team.cpp(268,67): warning C4244: 'argument': conversion from 'double' to 'T', possible loss of data
          with
          [
              T=float
          ]
D:\Docs\Coding_Projects\Foo2y\footy2\team.cpp(268,90): warning C4244: 'argument': conversion from 'double' to 'T', possible loss of data
          with
          [
              T=float
          ]
D:\Docs\Coding_Projects\Foo2y\footy2\team.cpp(268,115): warning C4244: 'argument': conversion from 'double' to 'T', possible loss of data
          with
          [
              T=float
          ]
D:\Docs\Coding_Projects\Foo2y\footy2\team.cpp(268,139): warning C4244: 'argument': conversion from 'double' to 'T', possible loss of data
          with
          [
              T=float
          ]
D:\Docs\Coding_Projects\Foo2y\footy2\team.cpp(268,162): warning C4244: 'argument': conversion from 'double' to 'T', possible loss of data
          with
          [
              T=float
          ]
D:\Docs\Coding_Projects\Foo2y\footy2\team.cpp(270,21): warning C4244: 'argument': conversion from 'double' to 'T', possible loss of data
          with
          [
              T=float
          ]
D:\Docs\Coding_Projects\Foo2y\footy2\team.cpp(270,1): warning C4305: 'argument': truncation from 'double' to 'T'
          with
          [
              T=float
          ]
D:\Docs\Coding_Projects\Foo2y\footy2\team.cpp(270,43): warning C4244: 'argument': conversion from 'double' to 'T', possible loss of data
          with
          [
              T=float
          ]
D:\Docs\Coding_Projects\Foo2y\footy2\team.cpp(270,67): warning C4244: 'argument': conversion from 'double' to 'T', possible loss of data
          with
          [
              T=float
          ]
D:\Docs\Coding_Projects\Foo2y\footy2\team.cpp(270,90): warning C4244: 'argument': conversion from 'double' to 'T', possible loss of data
          with
          [
              T=float
          ]
D:\Docs\Coding_Projects\Foo2y\footy2\team.cpp(270,113): warning C4244: 'argument': conversion from 'double' to 'T', possible loss of data
          with
          [
              T=float
          ]
D:\Docs\Coding_Projects\Foo2y\footy2\team.cpp(270,136): warning C4244: 'argument': conversion from 'double' to 'T', possible loss of data
          with
          [
              T=float
          ]
D:\Docs\Coding_Projects\Foo2y\footy2\team.cpp(270,161): warning C4244: 'argument': conversion from 'double' to 'T', possible loss of data
          with
          [
              T=float
          ]
D:\Docs\Coding_Projects\Foo2y\footy2\team.cpp(272,21): warning C4244: 'argument': conversion from 'double' to 'T', possible loss of data
          with
          [
              T=float
          ]
D:\Docs\Coding_Projects\Foo2y\footy2\team.cpp(272,1): warning C4305: 'argument': truncation from 'double' to 'T'
          with
          [
              T=float
          ]
D:\Docs\Coding_Projects\Foo2y\footy2\team.cpp(272,43): warning C4244: 'argument': conversion from 'double' to 'T', possible loss of data
          with
          [
              T=float
          ]
D:\Docs\Coding_Projects\Foo2y\footy2\team.cpp(272,67): warning C4244: 'argument': conversion from 'double' to 'T', possible loss of data
          with
          [
              T=float
          ]
D:\Docs\Coding_Projects\Foo2y\footy2\team.cpp(272,90): warning C4244: 'argument': conversion from 'double' to 'T', possible loss of data
          with
          [
              T=float
          ]
D:\Docs\Coding_Projects\Foo2y\footy2\team.cpp(272,114): warning C4244: 'argument': conversion from 'double' to 'T', possible loss of data
          with
          [
              T=float
          ]
D:\Docs\Coding_Projects\Foo2y\footy2\team.cpp(272,137): warning C4244: 'argument': conversion from 'double' to 'T', possible loss of data
          with
          [
              T=float
          ]
D:\Docs\Coding_Projects\Foo2y\footy2\team.cpp(272,162): warning C4244: 'argument': conversion from 'double' to 'T', possible loss of data
          with
          [
              T=float
          ]
D:\Docs\Coding_Projects\Foo2y\footy2\team.cpp(115,70): warning C4244: 'argument': conversion from 'double' to 'T', possible loss of data
          with
          [
              T=float
          ]
D:\Docs\Coding_Projects\Foo2y\footy2\team.cpp(115,114): warning C4244: 'argument': conversion from 'double' to 'float', possible loss of data
D:\Docs\Coding_Projects\Foo2y\footy2\team.cpp(116,77): warning C4244: 'argument': conversion from 'double' to 'T', possible loss of data
          with
          [
              T=float
          ]
D:\Docs\Coding_Projects\Foo2y\footy2\field.cpp(17,39): warning C4244: 'argument': conversion from 'int' to 'float', possible loss of data
D:\Docs\Coding_Projects\Foo2y\footy2\field.cpp(17,31): warning C4244: 'argument': conversion from 'int' to 'float', possible loss of data
  main.cpp
D:\Docs\Coding_Projects\Foo2y\footy2\player.cpp(15,32): warning C4305: 'initializing': truncation from 'double' to 'float'
D:\Docs\Coding_Projects\Foo2y\footy2\player.cpp(17,29): warning C4305: 'initializing': truncation from 'double' to 'float'
D:\Docs\Coding_Projects\Foo2y\footy2\player.cpp(18,38): warning C4305: 'initializing': truncation from 'double' to 'float'
D:\Docs\Coding_Projects\Foo2y\footy2\player.cpp(20,26): warning C4305: 'initializing': truncation from 'double' to 'float'
D:\Docs\Coding_Projects\Foo2y\footy2\player.cpp(28,102): warning C4244: 'initializing': conversion from 'float' to 'int', possible loss of data
D:\Docs\Coding_Projects\Foo2y\footy2\player.cpp(40,70): warning C4244: 'argument': conversion from 'double' to 'T', possible loss of data
          with
          [
              T=float
          ]
D:\Docs\Coding_Projects\Foo2y\footy2\ball.cpp(22,1): warning C4305: 'initializing': truncation from 'double' to 'const float'
D:\Docs\Coding_Projects\Foo2y\footy2\ball.cpp(20,89): warning C4244: 'initializing': conversion from 'double' to 'const float', possible loss of data
D:\Docs\Coding_Projects\Foo2y\footy2\ball.cpp(32,28): warning C4244: '=': conversion from 'double' to 'int', possible loss of data
D:\Docs\Coding_Projects\Foo2y\footy2\ball.cpp(33,76): warning C4244: 'argument': conversion from 'double' to 'T', possible loss of data
          with
          [
              T=float
          ]
D:\Docs\Coding_Projects\Foo2y\footy2\ball.cpp(34,1): warning C4305: '=': truncation from 'double' to 'float'
D:\Docs\Coding_Projects\Foo2y\footy2\team.cpp(21,36): warning C4244: 'initializing': conversion from 'double' to 'int', possible loss of data
D:\Docs\Coding_Projects\Foo2y\footy2\team.cpp(268,21): warning C4244: 'argument': conversion from 'double' to 'T', possible loss of data
          with
          [
              T=float
          ]
D:\Docs\Coding_Projects\Foo2y\footy2\team.cpp(266,28): warning C4305: 'argument': truncation from 'double' to 'T'
          with
          [
              T=float
          ]
D:\Docs\Coding_Projects\Foo2y\footy2\team.cpp(268,43): warning C4244: 'argument': conversion from 'double' to 'T', possible loss of data
          with
          [
              T=float
          ]
D:\Docs\Coding_Projects\Foo2y\footy2\team.cpp(268,67): warning C4244: 'argument': conversion from 'double' to 'T', possible loss of data
          with
          [
              T=float
          ]
D:\Docs\Coding_Projects\Foo2y\footy2\team.cpp(268,90): warning C4244: 'argument': conversion from 'double' to 'T', possible loss of data
          with
          [
              T=float
          ]
D:\Docs\Coding_Projects\Foo2y\footy2\team.cpp(268,115): warning C4244: 'argument': conversion from 'double' to 'T', possible loss of data
          with
          [
              T=float
          ]
D:\Docs\Coding_Projects\Foo2y\footy2\team.cpp(268,139): warning C4244: 'argument': conversion from 'double' to 'T', possible loss of data
          with
          [
              T=float
          ]
D:\Docs\Coding_Projects\Foo2y\footy2\team.cpp(268,162): warning C4244: 'argument': conversion from 'double' to 'T', possible loss of data
          with
          [
              T=float
          ]
D:\Docs\Coding_Projects\Foo2y\footy2\team.cpp(270,21): warning C4244: 'argument': conversion from 'double' to 'T', possible loss of data
          with
          [
              T=float
          ]
D:\Docs\Coding_Projects\Foo2y\footy2\team.cpp(270,1): warning C4305: 'argument': truncation from 'double' to 'T'
          with
          [
              T=float
          ]
D:\Docs\Coding_Projects\Foo2y\footy2\team.cpp(270,43): warning C4244: 'argument': conversion from 'double' to 'T', possible loss of data
          with
          [
              T=float
          ]
D:\Docs\Coding_Projects\Foo2y\footy2\team.cpp(270,67): warning C4244: 'argument': conversion from 'double' to 'T', possible loss of data
          with
          [
              T=float
          ]
D:\Docs\Coding_Projects\Foo2y\footy2\team.cpp(270,90): warning C4244: 'argument': conversion from 'double' to 'T', possible loss of data
          with
          [
              T=float
          ]
D:\Docs\Coding_Projects\Foo2y\footy2\team.cpp(270,113): warning C4244: 'argument': conversion from 'double' to 'T', possible loss of data
          with
          [
              T=float
          ]
D:\Docs\Coding_Projects\Foo2y\footy2\team.cpp(270,136): warning C4244: 'argument': conversion from 'double' to 'T', possible loss of data
          with
          [
              T=float
          ]
D:\Docs\Coding_Projects\Foo2y\footy2\team.cpp(270,161): warning C4244: 'argument': conversion from 'double' to 'T', possible loss of data
          with
          [
              T=float
          ]
D:\Docs\Coding_Projects\Foo2y\footy2\team.cpp(272,21): warning C4244: 'argument': conversion from 'double' to 'T', possible loss of data
          with
          [
              T=float
          ]
D:\Docs\Coding_Projects\Foo2y\footy2\team.cpp(272,1): warning C4305: 'argument': truncation from 'double' to 'T'
          with
          [
              T=float
          ]
D:\Docs\Coding_Projects\Foo2y\footy2\team.cpp(272,43): warning C4244: 'argument': conversion from 'double' to 'T', possible loss of data
          with
          [
              T=float
          ]
D:\Docs\Coding_Projects\Foo2y\footy2\team.cpp(272,67): warning C4244: 'argument': conversion from 'double' to 'T', possible loss of data
          with
          [
              T=float
          ]
D:\Docs\Coding_Projects\Foo2y\footy2\team.cpp(272,90): warning C4244: 'argument': conversion from 'double' to 'T', possible loss of data
          with
          [
              T=float
          ]
D:\Docs\Coding_Projects\Foo2y\footy2\team.cpp(272,114): warning C4244: 'argument': conversion from 'double' to 'T', possible loss of data
          with
          [
              T=float
          ]
D:\Docs\Coding_Projects\Foo2y\footy2\team.cpp(272,137): warning C4244: 'argument': conversion from 'double' to 'T', possible loss of data
          with
          [
              T=float
          ]
D:\Docs\Coding_Projects\Foo2y\footy2\team.cpp(272,162): warning C4244: 'argument': conversion from 'double' to 'T', possible loss of data
          with
          [
              T=float
          ]
D:\Docs\Coding_Projects\Foo2y\footy2\team.cpp(115,70): warning C4244: 'argument': conversion from 'double' to 'T', possible loss of data
          with
          [
              T=float
          ]
D:\Docs\Coding_Projects\Foo2y\footy2\team.cpp(115,114): warning C4244: 'argument': conversion from 'double' to 'float', possible loss of data
D:\Docs\Coding_Projects\Foo2y\footy2\team.cpp(116,77): warning C4244: 'argument': conversion from 'double' to 'T', possible loss of data
          with
          [
              T=float
          ]
D:\Docs\Coding_Projects\Foo2y\footy2\field.cpp(17,39): warning C4244: 'argument': conversion from 'int' to 'float', possible loss of data
D:\Docs\Coding_Projects\Foo2y\footy2\field.cpp(17,31): warning C4244: 'argument': conversion from 'int' to 'float', possible loss of data
D:\Docs\Coding_Projects\Foo2y\footy2\main.cpp(81,50): warning C4305: 'argument': truncation from 'double' to 'float'
D:\Docs\Coding_Projects\Foo2y\footy2\main.cpp(82,44): warning C4305: 'argument': truncation from 'double' to 'float'
  recycleBin.cpp
  team.cpp
D:\Docs\Coding_Projects\Foo2y\footy2\player.cpp(15,32): warning C4305: 'initializing': truncation from 'double' to 'float'
D:\Docs\Coding_Projects\Foo2y\footy2\player.cpp(17,29): warning C4305: 'initializing': truncation from 'double' to 'float'
D:\Docs\Coding_Projects\Foo2y\footy2\player.cpp(18,38): warning C4305: 'initializing': truncation from 'double' to 'float'
D:\Docs\Coding_Projects\Foo2y\footy2\player.cpp(20,26): warning C4305: 'initializing': truncation from 'double' to 'float'
D:\Docs\Coding_Projects\Foo2y\footy2\player.cpp(28,102): warning C4244: 'initializing': conversion from 'float' to 'int', possible loss of data
D:\Docs\Coding_Projects\Foo2y\footy2\player.cpp(40,70): warning C4244: 'argument': conversion from 'double' to 'T', possible loss of data
          with
          [
              T=float
          ]
D:\Docs\Coding_Projects\Foo2y\footy2\ball.cpp(22,1): warning C4305: 'initializing': truncation from 'double' to 'const float'
D:\Docs\Coding_Projects\Foo2y\footy2\ball.cpp(20,89): warning C4244: 'initializing': conversion from 'double' to 'const float', possible loss of data
D:\Docs\Coding_Projects\Foo2y\footy2\ball.cpp(32,28): warning C4244: '=': conversion from 'double' to 'int', possible loss of data
D:\Docs\Coding_Projects\Foo2y\footy2\ball.cpp(33,76): warning C4244: 'argument': conversion from 'double' to 'T', possible loss of data
          with
          [
              T=float
          ]
D:\Docs\Coding_Projects\Foo2y\footy2\ball.cpp(34,1): warning C4305: '=': truncation from 'double' to 'float'
D:\Docs\Coding_Projects\Foo2y\footy2\team.cpp(21,36): warning C4244: 'initializing': conversion from 'double' to 'int', possible loss of data
D:\Docs\Coding_Projects\Foo2y\footy2\team.cpp(268,21): warning C4244: 'argument': conversion from 'double' to 'T', possible loss of data
          with
          [
              T=float
          ]
D:\Docs\Coding_Projects\Foo2y\footy2\team.cpp(266,28): warning C4305: 'argument': truncation from 'double' to 'T'
          with
          [
              T=float
          ]
D:\Docs\Coding_Projects\Foo2y\footy2\team.cpp(268,43): warning C4244: 'argument': conversion from 'double' to 'T', possible loss of data
          with
          [
              T=float
          ]
D:\Docs\Coding_Projects\Foo2y\footy2\team.cpp(268,67): warning C4244: 'argument': conversion from 'double' to 'T', possible loss of data
          with
          [
              T=float
          ]
D:\Docs\Coding_Projects\Foo2y\footy2\team.cpp(268,90): warning C4244: 'argument': conversion from 'double' to 'T', possible loss of data
          with
          [
              T=float
          ]
D:\Docs\Coding_Projects\Foo2y\footy2\team.cpp(268,115): warning C4244: 'argument': conversion from 'double' to 'T', possible loss of data
          with
          [
              T=float
          ]
D:\Docs\Coding_Projects\Foo2y\footy2\team.cpp(268,139): warning C4244: 'argument': conversion from 'double' to 'T', possible loss of data
          with
          [
              T=float
          ]
D:\Docs\Coding_Projects\Foo2y\footy2\team.cpp(268,162): warning C4244: 'argument': conversion from 'double' to 'T', possible loss of data
          with
          [
              T=float
          ]
D:\Docs\Coding_Projects\Foo2y\footy2\team.cpp(270,21): warning C4244: 'argument': conversion from 'double' to 'T', possible loss of data
          with
          [
              T=float
          ]
D:\Docs\Coding_Projects\Foo2y\footy2\team.cpp(270,1): warning C4305: 'argument': truncation from 'double' to 'T'
          with
          [
              T=float
          ]
D:\Docs\Coding_Projects\Foo2y\footy2\team.cpp(270,43): warning C4244: 'argument': conversion from 'double' to 'T', possible loss of data
          with
          [
              T=float
          ]
D:\Docs\Coding_Projects\Foo2y\footy2\team.cpp(270,67): warning C4244: 'argument': conversion from 'double' to 'T', possible loss of data
          with
          [
              T=float
          ]
D:\Docs\Coding_Projects\Foo2y\footy2\team.cpp(270,90): warning C4244: 'argument': conversion from 'double' to 'T', possible loss of data
          with
          [
              T=float
          ]
D:\Docs\Coding_Projects\Foo2y\footy2\team.cpp(270,113): warning C4244: 'argument': conversion from 'double' to 'T', possible loss of data
          with
          [
              T=float
          ]
D:\Docs\Coding_Projects\Foo2y\footy2\team.cpp(270,136): warning C4244: 'argument': conversion from 'double' to 'T', possible loss of data
          with
          [
              T=float
          ]
D:\Docs\Coding_Projects\Foo2y\footy2\team.cpp(270,161): warning C4244: 'argument': conversion from 'double' to 'T', possible loss of data
          with
          [
              T=float
          ]
D:\Docs\Coding_Projects\Foo2y\footy2\team.cpp(272,21): warning C4244: 'argument': conversion from 'double' to 'T', possible loss of data
          with
          [
              T=float
          ]
D:\Docs\Coding_Projects\Foo2y\footy2\team.cpp(272,1): warning C4305: 'argument': truncation from 'double' to 'T'
          with
          [
              T=float
          ]
D:\Docs\Coding_Projects\Foo2y\footy2\team.cpp(272,43): warning C4244: 'argument': conversion from 'double' to 'T', possible loss of data
          with
          [
              T=float
          ]
D:\Docs\Coding_Projects\Foo2y\footy2\team.cpp(272,67): warning C4244: 'argument': conversion from 'double' to 'T', possible loss of data
          with
          [
              T=float
          ]
D:\Docs\Coding_Projects\Foo2y\footy2\team.cpp(272,90): warning C4244: 'argument': conversion from 'double' to 'T', possible loss of data
          with
          [
              T=float
          ]
D:\Docs\Coding_Projects\Foo2y\footy2\team.cpp(272,114): warning C4244: 'argument': conversion from 'double' to 'T', possible loss of data
          with
          [
              T=float
          ]
D:\Docs\Coding_Projects\Foo2y\footy2\team.cpp(272,137): warning C4244: 'argument': conversion from 'double' to 'T', possible loss of data
          with
          [
              T=float
          ]
D:\Docs\Coding_Projects\Foo2y\footy2\team.cpp(272,162): warning C4244: 'argument': conversion from 'double' to 'T', possible loss of data
          with
          [
              T=float
          ]
D:\Docs\Coding_Projects\Foo2y\footy2\team.cpp(115,70): warning C4244: 'argument': conversion from 'double' to 'T', possible loss of data
          with
          [
              T=float
          ]
D:\Docs\Coding_Projects\Foo2y\footy2\team.cpp(115,114): warning C4244: 'argument': conversion from 'double' to 'float', possible loss of data
D:\Docs\Coding_Projects\Foo2y\footy2\team.cpp(116,77): warning C4244: 'argument': conversion from 'double' to 'T', possible loss of data
          with
          [
              T=float
          ]
  Generating Code...
  Foo2yy.vcxproj -> D:\Docs\Coding_Projects\Foo2y\Foo2yy\Debug\Foo2yy.exe
